# JRE version: OpenJDK Runtime Environment (8.0_212-b04) (build 1.8.0_212-release-1586-b04)
# Java VM: OpenJDK 64-Bit Server VM (25.212-b04 mixed mode windows-amd64 compressed oops)
Heap:
 PSYoungGen      total 84480K, used 48385K [0x00000000e0000000, 0x00000000e7000000, 0x0000000100000000)
  eden space 66048K, 45% used [0x00000000e0000000,0x00000000e1d47788,0x00000000e4080000)
  from space 18432K, 99% used [0x00000000e5580000,0x00000000e6778db8,0x00000000e6780000)
  to   space 21504K, 0% used [0x00000000e4080000,0x00000000e4080000,0x00000000e5580000)
 ParOldGen       total 66560K, used 23142K [0x00000000a0000000, 0x00000000a4100000, 0x00000000e0000000)
  object space 66560K, 34% used [0x00000000a0000000,0x00000000a1699998,0x00000000a4100000)
 Metaspace       used 56534K, capacity 58380K, committed 58584K, reserved 1099776K
  class space    used 7710K, capacity 8180K, committed 8192K, reserved 1048576K
GC Heap History (10 events):
Event: 40.732 GC heap before
{Heap before GC invocations=14 (full 2):
 PSYoungGen      total 49664K, used 49254K [0x00000000e0000000, 0x00000000e4080000, 0x0000000100000000)
  eden space 42496K, 100% used [0x00000000e0000000,0x00000000e2980000,0x00000000e2980000)
  from space 7168K, 94% used [0x00000000e2a00000,0x00000000e3099980,0x00000000e3100000)
  to   space 11776K, 0% used [0x00000000e3500000,0x00000000e3500000,0x00000000e4080000)
 ParOldGen       total 66560K, used 15708K [0x00000000a0000000, 0x00000000a4100000, 0x00000000e0000000)
  object space 66560K, 23% used [0x00000000a0000000,0x00000000a0f57340,0x00000000a4100000)
 Metaspace       used 46117K, capacity 47190K, committed 47448K, reserved 1089536K
  class space    used 6170K, capacity 6479K, committed 6528K, reserved 1048576K
Event: 40.739 GC heap after
Heap after GC invocations=14 (full 2):
 PSYoungGen      total 53248K, used 10644K [0x00000000e0000000, 0x00000000e4200000, 0x0000000100000000)
  eden space 41472K, 0% used [0x00000000e0000000,0x00000000e0000000,0x00000000e2880000)
  from space 11776K, 90% used [0x00000000e3500000,0x00000000e3f652f0,0x00000000e4080000)
  to   space 12800K, 0% used [0x00000000e2880000,0x00000000e2880000,0x00000000e3500000)
 ParOldGen       total 66560K, used 15716K [0x00000000a0000000, 0x00000000a4100000, 0x00000000e0000000)
  object space 66560K, 23% used [0x00000000a0000000,0x00000000a0f59340,0x00000000a4100000)
 Metaspace       used 46117K, capacity 47190K, committed 47448K, reserved 1089536K
  class space    used 6170K, capacity 6479K, committed 6528K, reserved 1048576K
}
Event: 41.215 GC heap before
{Heap before GC invocations=15 (full 2):
 PSYoungGen      total 53248K, used 52116K [0x00000000e0000000, 0x00000000e4200000, 0x0000000100000000)
  eden space 41472K, 100% used [0x00000000e0000000,0x00000000e2880000,0x00000000e2880000)
  from space 11776K, 90% used [0x00000000e3500000,0x00000000e3f652f0,0x00000000e4080000)
  to   space 12800K, 0% used [0x00000000e2880000,0x00000000e2880000,0x00000000e3500000)
 ParOldGen       total 66560K, used 15716K [0x00000000a0000000, 0x00000000a4100000, 0x00000000e0000000)
  object space 66560K, 23% used [0x00000000a0000000,0x00000000a0f59340,0x00000000a4100000)
 Metaspace       used 46621K, capacity 47810K, committed 48088K, reserved 1091584K
  class space    used 6263K, capacity 6600K, committed 6656K, reserved 1048576K
Event: 41.222 GC heap after
Heap after GC invocations=15 (full 2):
 PSYoungGen      total 54272K, used 10573K [0x00000000e0000000, 0x00000000e4f00000, 0x0000000100000000)
  eden space 41472K, 0% used [0x00000000e0000000,0x00000000e0000000,0x00000000e2880000)
  from space 12800K, 82% used [0x00000000e2880000,0x00000000e32d36f8,0x00000000e3500000)
  to   space 13312K, 0% used [0x00000000e4200000,0x00000000e4200000,0x00000000e4f00000)
 ParOldGen       total 66560K, used 15724K [0x00000000a0000000, 0x00000000a4100000, 0x00000000e0000000)
  object space 66560K, 23% used [0x00000000a0000000,0x00000000a0f5b340,0x00000000a4100000)
 Metaspace       used 46621K, capacity 47810K, committed 48088K, reserved 1091584K
  class space    used 6263K, capacity 6600K, committed 6656K, reserved 1048576K
}
Event: 42.800 GC heap before
{Heap before GC invocations=16 (full 2):
 PSYoungGen      total 54272K, used 52045K [0x00000000e0000000, 0x00000000e4f00000, 0x0000000100000000)
  eden space 41472K, 100% used [0x00000000e0000000,0x00000000e2880000,0x00000000e2880000)
  from space 12800K, 82% used [0x00000000e2880000,0x00000000e32d36f8,0x00000000e3500000)
  to   space 13312K, 0% used [0x00000000e4200000,0x00000000e4200000,0x00000000e4f00000)
 ParOldGen       total 66560K, used 15724K [0x00000000a0000000, 0x00000000a4100000, 0x00000000e0000000)
  object space 66560K, 23% used [0x00000000a0000000,0x00000000a0f5b340,0x00000000a4100000)
 Metaspace       used 49911K, capacity 51396K, committed 51416K, reserved 1093632K
  class space    used 6744K, capacity 7165K, committed 7168K, reserved 1048576K
Event: 42.810 GC heap after
Heap after GC invocations=16 (full 2):
 PSYoungGen      total 65536K, used 13309K [0x00000000e0000000, 0x00000000e5300000, 0x0000000100000000)
  eden space 52224K, 0% used [0x00000000e0000000,0x00000000e0000000,0x00000000e3300000)
  from space 13312K, 99% used [0x00000000e4200000,0x00000000e4eff718,0x00000000e4f00000)
  to   space 15360K, 0% used [0x00000000e3300000,0x00000000e3300000,0x00000000e4200000)
 ParOldGen       total 66560K, used 17682K [0x00000000a0000000, 0x00000000a4100000, 0x00000000e0000000)
  object space 66560K, 26% used [0x00000000a0000000,0x00000000a1144970,0x00000000a4100000)
 Metaspace       used 49911K, capacity 51396K, committed 51416K, reserved 1093632K
  class space    used 6744K, capacity 7165K, committed 7168K, reserved 1048576K
}
Event: 44.680 GC heap before
{Heap before GC invocations=17 (full 2):
 PSYoungGen      total 65536K, used 65533K [0x00000000e0000000, 0x00000000e5300000, 0x0000000100000000)
  eden space 52224K, 100% used [0x00000000e0000000,0x00000000e3300000,0x00000000e3300000)
  from space 13312K, 99% used [0x00000000e4200000,0x00000000e4eff718,0x00000000e4f00000)
  to   space 15360K, 0% used [0x00000000e3300000,0x00000000e3300000,0x00000000e4200000)
 ParOldGen       total 66560K, used 17682K [0x00000000a0000000, 0x00000000a4100000, 0x00000000e0000000)
  object space 66560K, 26% used [0x00000000a0000000,0x00000000a1144970,0x00000000a4100000)
 Metaspace       used 53674K, capacity 55334K, committed 55640K, reserved 1097728K
  class space    used 7307K, capacity 7746K, committed 7808K, reserved 1048576K
Event: 44.694 GC heap after
Heap after GC invocations=17 (full 2):
 PSYoungGen      total 67584K, used 15357K [0x00000000e0000000, 0x00000000e6780000, 0x0000000100000000)
  eden space 52224K, 0% used [0x00000000e0000000,0x00000000e0000000,0x00000000e3300000)
  from space 15360K, 99% used [0x00000000e3300000,0x00000000e41ff708,0x00000000e4200000)
  to   space 18432K, 0% used [0x00000000e5580000,0x00000000e5580000,0x00000000e6780000)
 ParOldGen       total 66560K, used 21258K [0x00000000a0000000, 0x00000000a4100000, 0x00000000e0000000)
  object space 66560K, 31% used [0x00000000a0000000,0x00000000a14c2a60,0x00000000a4100000)
 Metaspace       used 53674K, capacity 55334K, committed 55640K, reserved 1097728K
  class space    used 7307K, capacity 7746K, committed 7808K, reserved 1048576K
}
Event: 45.951 GC heap before
{Heap before GC invocations=18 (full 2):
 PSYoungGen      total 67584K, used 67581K [0x00000000e0000000, 0x00000000e6780000, 0x0000000100000000)
  eden space 52224K, 100% used [0x00000000e0000000,0x00000000e3300000,0x00000000e3300000)
  from space 15360K, 99% used [0x00000000e3300000,0x00000000e41ff708,0x00000000e4200000)
  to   space 18432K, 0% used [0x00000000e5580000,0x00000000e5580000,0x00000000e6780000)
 ParOldGen       total 66560K, used 21258K [0x00000000a0000000, 0x00000000a4100000, 0x00000000e0000000)
  object space 66560K, 31% used [0x00000000a0000000,0x00000000a14c2a60,0x00000000a4100000)
 Metaspace       used 56105K, capacity 57902K, committed 58072K, reserved 1099776K
  class space    used 7633K, capacity 8132K, committed 8192K, reserved 1048576K
Event: 45.970 GC heap after
Heap after GC invocations=18 (full 2):
 PSYoungGen      total 84480K, used 18403K [0x00000000e0000000, 0x00000000e7000000, 0x0000000100000000)
  eden space 66048K, 0% used [0x00000000e0000000,0x00000000e0000000,0x00000000e4080000)
  from space 18432K, 99% used [0x00000000e5580000,0x00000000e6778db8,0x00000000e6780000)
  to   space 21504K, 0% used [0x00000000e4080000,0x00000000e4080000,0x00000000e5580000)
 ParOldGen       total 66560K, used 23142K [0x00000000a0000000, 0x00000000a4100000, 0x00000000e0000000)
  object space 66560K, 34% used [0x00000000a0000000,0x00000000a1699998,0x00000000a4100000)
 Metaspace       used 56105K, capacity 57902K, committed 58072K, reserved 1099776K
  class space    used 7633K, capacity 8132K, committed 8192K, reserved 1048576K
}

